D:\CODE\EOL.YORK\SEGMENTATION\SEGMENTATION\DEBUG\SEGMENTATION.PCH
D:\CODE\EOL.YORK\SEGMENTATION\SEGMENTATION\DEBUG\STDAFX.OBJ
D:\CODE\EOL.YORK\SEGMENTATION\SEGMENTATION\DEBUG\VC110.PDB
D:\CODE\EOL.YORK\SEGMENTATION\SEGMENTATION\DEBUG\DATAFILE.OBJ
D:\CODE\EOL.YORK\SEGMENTATION\SEGMENTATION\DEBUG\IMAGEREADER.OBJ
D:\CODE\EOL.YORK\SEGMENTATION\SEGMENTATION\DEBUG\INTERFACEFILTER.OBJ
D:\CODE\EOL.YORK\SEGMENTATION\SEGMENTATION\DEBUG\LOG2FILE.OBJ
D:\CODE\EOL.YORK\SEGMENTATION\SEGMENTATION\DEBUG\SEGMENT.OBJ
D:\CODE\EOL.YORK\SEGMENTATION\SEGMENTATION\DEBUG\SEGMENTATION.OBJ
D:\CODE\EOL.YORK\SEGMENTATION\SEGMENTATION\DEBUG\SEGMENTATIONDLG.OBJ
D:\CODE\EOL.YORK\SEGMENTATION\SEGMENTATION\DEBUG\STATISTICDLG.OBJ
D:\CODE\EOL.YORK\SEGMENTATION\DEBUG\SEGMENTATION.ILK
D:\CODE\EOL.YORK\SEGMENTATION\DEBUG\SEGMENTATION.EXE
D:\CODE\EOL.YORK\SEGMENTATION\DEBUG\SEGMENTATION.PDB
D:\CODE\EOL.YORK\SEGMENTATION\SEGMENTATION\DEBUG\SEGMENTATION.RES
D:\Code\Eol.York\Segmentation\Debug\Segmentation.lib
D:\Code\Eol.York\Segmentation\Debug\Segmentation.exp
D:\Code\Eol.York\Segmentation\Segmentation\Debug\Datafile.obj
D:\Code\Eol.York\Segmentation\Segmentation\Debug\ImageReader.obj
D:\Code\Eol.York\Segmentation\Segmentation\Debug\InterfaceFilter.obj
D:\Code\Eol.York\Segmentation\Segmentation\Debug\Log2File.obj
D:\Code\Eol.York\Segmentation\Segmentation\Debug\Segment.obj
D:\Code\Eol.York\Segmentation\Segmentation\Debug\Segmentation.obj
D:\Code\Eol.York\Segmentation\Segmentation\Debug\SegmentationDlg.obj
D:\Code\Eol.York\Segmentation\Segmentation\Debug\StatisticDlg.obj
D:\Code\Eol.York\Segmentation\Segmentation\Debug\stdafx.obj
D:\Code\Eol.York\Segmentation\Segmentation\Debug\cl.command.1.tlog
D:\Code\Eol.York\Segmentation\Segmentation\Debug\CL.read.1.tlog
D:\Code\Eol.York\Segmentation\Segmentation\Debug\CL.write.1.tlog
D:\Code\Eol.York\Segmentation\Segmentation\Debug\link-cvtres.read.1.tlog
D:\Code\Eol.York\Segmentation\Segmentation\Debug\link-cvtres.write.1.tlog
D:\Code\Eol.York\Segmentation\Segmentation\Debug\link-mt.read.1.tlog
D:\Code\Eol.York\Segmentation\Segmentation\Debug\link-mt.write.1.tlog
D:\Code\Eol.York\Segmentation\Segmentation\Debug\link-rc.read.1.tlog
D:\Code\Eol.York\Segmentation\Segmentation\Debug\link-rc.write.1.tlog
D:\Code\Eol.York\Segmentation\Segmentation\Debug\link.command.1.tlog
D:\Code\Eol.York\Segmentation\Segmentation\Debug\link.read.1.tlog
D:\Code\Eol.York\Segmentation\Segmentation\Debug\link.write.1.tlog
D:\Code\Eol.York\Segmentation\Segmentation\Debug\rc.command.1.tlog
D:\Code\Eol.York\Segmentation\Segmentation\Debug\rc.read.1.tlog
D:\Code\Eol.York\Segmentation\Segmentation\Debug\rc.write.1.tlog
D:\Code\Eol.York\Segmentation\Segmentation\Debug\Segmentation.write.1.tlog
D:\Code\Eol.York\Segmentation\Segmentation\Debug\Segmentation.res
D:\Code\Eol.York\Segmentation\Segmentation\Debug\Segmentation.pch
D:\Code\Eol.York\Segmentation\Segmentation\Debug\vc110.idb
D:\Code\Eol.York\Segmentation\Segmentation\Debug\vc110.pdb
D:\Code\Eol.York\Segmentation\Debug\Segmentation.pdb
D:\Code\Eol.York\Segmentation\Debug\Segmentation.exe
D:\Code\Eol.York\Segmentation\Debug\Segmentation.ilk
