D:\CODE\EOL.YORK\SEGMENTATION\SEGMENTATION\RELEASE\SEGMENTATION.PCH
D:\CODE\EOL.YORK\SEGMENTATION\SEGMENTATION\RELEASE\STDAFX.OBJ
D:\CODE\EOL.YORK\SEGMENTATION\SEGMENTATION\RELEASE\STATISTICDLG.OBJ
D:\CODE\EOL.YORK\SEGMENTATION\SEGMENTATION\RELEASE\SEGMENTATIONDLG.OBJ
D:\CODE\EOL.YORK\SEGMENTATION\SEGMENTATION\RELEASE\SEGMENTATION.OBJ
D:\CODE\EOL.YORK\SEGMENTATION\SEGMENTATION\RELEASE\SEGMENT.OBJ
D:\CODE\EOL.YORK\SEGMENTATION\SEGMENTATION\RELEASE\LOG2FILE.OBJ
D:\CODE\EOL.YORK\SEGMENTATION\SEGMENTATION\RELEASE\INTERFACEFILTER.OBJ
D:\CODE\EOL.YORK\SEGMENTATION\SEGMENTATION\RELEASE\IMAGEREADER.OBJ
D:\CODE\EOL.YORK\SEGMENTATION\SEGMENTATION\RELEASE\DATAFILE.OBJ
D:\CODE\EOL.YORK\SEGMENTATION\RELEASE\SEGMENTATION.EXE
D:\CODE\EOL.YORK\SEGMENTATION\RELEASE\SEGMENTATION.PDB
D:\CODE\EOL.YORK\SEGMENTATION\SEGMENTATION\RELEASE\SEGMENTATION.RES
D:\Code\Eol.York\Segmentation\Release\Segmentation.lib
D:\Code\Eol.York\Segmentation\Release\Segmentation.exp
D:\Code\Eol.York\Segmentation\Segmentation\Release\Datafile.obj
D:\Code\Eol.York\Segmentation\Segmentation\Release\ImageReader.obj
D:\Code\Eol.York\Segmentation\Segmentation\Release\InterfaceFilter.obj
D:\Code\Eol.York\Segmentation\Segmentation\Release\Log2File.obj
D:\Code\Eol.York\Segmentation\Segmentation\Release\Segment.obj
D:\Code\Eol.York\Segmentation\Segmentation\Release\Segmentation.obj
D:\Code\Eol.York\Segmentation\Segmentation\Release\SegmentationDlg.obj
D:\Code\Eol.York\Segmentation\Segmentation\Release\StatisticDlg.obj
D:\Code\Eol.York\Segmentation\Segmentation\Release\stdafx.obj
D:\Code\Eol.York\Segmentation\Segmentation\Release\cl.command.1.tlog
D:\Code\Eol.York\Segmentation\Segmentation\Release\CL.read.1.tlog
D:\Code\Eol.York\Segmentation\Segmentation\Release\CL.write.1.tlog
D:\Code\Eol.York\Segmentation\Segmentation\Release\link-cvtres.read.1.tlog
D:\Code\Eol.York\Segmentation\Segmentation\Release\link-cvtres.write.1.tlog
D:\Code\Eol.York\Segmentation\Segmentation\Release\link-mt.read.1.tlog
D:\Code\Eol.York\Segmentation\Segmentation\Release\link-mt.write.1.tlog
D:\Code\Eol.York\Segmentation\Segmentation\Release\link-rc.read.1.tlog
D:\Code\Eol.York\Segmentation\Segmentation\Release\link-rc.write.1.tlog
D:\Code\Eol.York\Segmentation\Segmentation\Release\link.command.1.tlog
D:\Code\Eol.York\Segmentation\Segmentation\Release\link.read.1.tlog
D:\Code\Eol.York\Segmentation\Segmentation\Release\link.write.1.tlog
D:\Code\Eol.York\Segmentation\Segmentation\Release\rc.command.1.tlog
D:\Code\Eol.York\Segmentation\Segmentation\Release\rc.read.1.tlog
D:\Code\Eol.York\Segmentation\Segmentation\Release\rc.write.1.tlog
D:\Code\Eol.York\Segmentation\Segmentation\Release\Segmentation.write.1.tlog
D:\Code\Eol.York\Segmentation\Segmentation\Release\Segmentation.res
D:\Code\Eol.York\Segmentation\Segmentation\Release\Segmentation.pch
D:\Code\Eol.York\Segmentation\Release\Segmentation.pdb
D:\Code\Eol.York\Segmentation\Release\Segmentation.exe
